musiclib/build/intermediates/manifest_merge_blame_file/debug/manifest-merger-blame-debug-report.txt
1<?xml version="1.0" encoding="utf-8"?>
2<manifest xmlns:android="http://schemas.android.com/apk/res/android"
3    package="com.musongzi.music" >
4
5    <uses-sdk
6        android:minSdkVersion="23"
6-->src\main\AndroidManifest.xml
7        android:targetSdkVersion="30" />
7-->src\main\AndroidManifest.xml
8
9    <application>
9-->src\main\AndroidManifest.xml:5:5-9:19
10        <activity android:name="com.musongzi.music.MainActivity" />
10-->src\main\AndroidManifest.xml:7:9-49
10-->src\main\AndroidManifest.xml:7:19-47
11    </application>
12
13</manifest>